-------------------------------------------------------------------------------
Test set: com.luxoft.RunTest
-------------------------------------------------------------------------------
Tests run: 2, Failures: 1, Errors: 0, Skipped: 0, Time elapsed: 5.037 s <<< FAILURE! - in com.luxoft.RunTest
Negative test  Time elapsed: 0.873 s  <<< FAILURE!
org.opentest4j.AssertionFailedError: Element logout not found on this page

